INFO:__main__:[Passo 1] Realizando Benchmark dos Modelos
INFO:__main__:Carregando dataset de: C:\Users\mateu\Documents\Norton\Projetos GIT\esi-trabalho-final\data/data_transformed.csv
INFO:__main__:Características:
INFO:__main__:  => bedrooms, bathrooms, sqft_living, sqft_lot, sqft_above, sqft_basement, yr_built, yr_renovated, floors_1.0, floors_1.5, floors_2.0, floors_2.5, floors_3.0, floors_3.5, waterfront_0, waterfront_1, view_0, view_1, view_2, view_3, view_4, condition_1, condition_2, condition_3, condition_4, condition_5, char_token_0, char_token_1, char_token_2, char_token_3, char_token_4
INFO:__main__:Alvo: price
INFO:__main__:Modelos Disponíveis:
INFO:__main__:  => RANSC, RandomForest, SGD
INFO:__main__:Parâmetros de Grid Search:
INFO:__main__:  => RandomForest: n_estimators, max_depth, min_samples_split, min_samples_leaf, max_features
INFO:__main__:  => SGD: loss, penalty, l1_ratio, alpha
INFO:__main__:  => RANSC: max_trials, max_skips, residual_threshold
INFO:__main__:Fold 1 - Modelo RandomForest: MSE=0.1057, MAE=0.2529, R2=0.5295
INFO:__main__:Fold 2 - Modelo RandomForest: MSE=0.1101, MAE=0.2612, R2=0.5232
INFO:__main__:Fold 3 - Modelo RandomForest: MSE=0.1078, MAE=0.2551, R2=0.5214
INFO:__main__:Fold 4 - Modelo RandomForest: MSE=0.1081, MAE=0.2556, R2=0.5269
INFO:__main__:Fold 5 - Modelo RandomForest: MSE=0.1013, MAE=0.2462, R2=0.5413
INFO:__main__:
[Passo 2] Selecionando o Melhor Modelo
INFO:__main__:Melhor Modelo Selecionado: RandomForest
INFO:__main__:
[Passo 3] Criando o Modelo Campeão Final
INFO:__main__:Métricas do Modelo Campeão 'RandomForest':
  - Mean Squared Error (MSE): 0.1071
  - Mean Absolute Error (MAE): 0.2523
  - R² Score: 0.5233
